<?xml version="1.0" encoding="UTF-8"?>
<!-- Generated by org.testng.reporters.JUnitXMLReporter -->
<testsuite ignored="0" hostname="DESKTOP-4T7KINV" failures="0" tests="6" name="Surefire test" time="0.524" errors="0" timestamp="2020-09-01T22:56:46 IST">
  <testcase classname="justsoko.MavenJava.AppiumTest" name="IOSapp on IOSapp(justsoko.MavenJava.AppiumTest)" time="0.092"/>
  <testcase classname="justsoko.MavenJava.AppiumTest" name="nativeapp on nativeapp(justsoko.MavenJava.AppiumTest)" time="0.088"/>
  <testcase classname="justsoko.MavenJava.RestAPITest" name="deleteTwitter on deleteTwitter(justsoko.MavenJava.RestAPITest)" time="0.007"/>
  <testcase classname="justsoko.MavenJava.RestAPITest" name="postJira on postJira(justsoko.MavenJava.RestAPITest)" time="0.008"/>
  <testcase classname="justsoko.MavenJava.SeleniumJavaTest" name="elementsUI on elementsUI(justsoko.MavenJava.SeleniumJavaTest)" time="0.006"/>
  <testcase classname="justsoko.MavenJava.SeleniumJavaTest" name="BrowserAutomation on BrowserAutomation(justsoko.MavenJava.SeleniumJavaTest)" time="0.004"/>
</testsuite> <!-- Surefire test -->
