<?xml version="1.0" encoding="UTF-8"?>
<testng-results ignored="0" total="6" passed="6" failed="0" skipped="0">
  <reporter-output>
  </reporter-output>
  <suite started-at="2020-09-01T22:56:45 IST" name="Surefire suite" finished-at="2020-09-01T22:56:46 IST" duration-ms="524">
    <groups>
    </groups>
    <test started-at="2020-09-01T22:56:45 IST" name="Surefire test" finished-at="2020-09-01T22:56:46 IST" duration-ms="524">
      <class name="justsoko.MavenJava.SeleniumJavaTest">
        <test-method signature="elementsUI()" started-at="2020-09-01T22:56:46 IST" name="elementsUI" finished-at="2020-09-01T22:56:46 IST" duration-ms="6" status="PASS">
          <reporter-output>
          </reporter-output>
        </test-method> <!-- elementsUI -->
        <test-method signature="BrowserAutomation()" started-at="2020-09-01T22:56:46 IST" name="BrowserAutomation" finished-at="2020-09-01T22:56:46 IST" duration-ms="4" status="PASS">
          <reporter-output>
          </reporter-output>
        </test-method> <!-- BrowserAutomation -->
      </class> <!-- justsoko.MavenJava.SeleniumJavaTest -->
      <class name="justsoko.MavenJava.RestAPITest">
        <test-method signature="deleteTwitter()" started-at="2020-09-01T22:56:46 IST" name="deleteTwitter" finished-at="2020-09-01T22:56:46 IST" duration-ms="7" status="PASS">
          <reporter-output>
          </reporter-output>
        </test-method> <!-- deleteTwitter -->
        <test-method signature="postJira()" started-at="2020-09-01T22:56:46 IST" name="postJira" finished-at="2020-09-01T22:56:46 IST" duration-ms="8" status="PASS">
          <reporter-output>
          </reporter-output>
        </test-method> <!-- postJira -->
      </class> <!-- justsoko.MavenJava.RestAPITest -->
      <class name="justsoko.MavenJava.AppiumTest">
        <test-method signature="IOSapp()" started-at="2020-09-01T22:56:45 IST" name="IOSapp" finished-at="2020-09-01T22:56:46 IST" duration-ms="92" status="PASS">
          <reporter-output>
          </reporter-output>
        </test-method> <!-- IOSapp -->
        <test-method signature="nativeapp()" started-at="2020-09-01T22:56:45 IST" name="nativeapp" finished-at="2020-09-01T22:56:46 IST" duration-ms="88" status="PASS">
          <reporter-output>
          </reporter-output>
        </test-method> <!-- nativeapp -->
      </class> <!-- justsoko.MavenJava.AppiumTest -->
    </test> <!-- Surefire test -->
  </suite> <!-- Surefire suite -->
</testng-results>
